Traceback (most recent call last):
  File "/home/rogier/SenseGlove_ROS/ros_workspace/build/senseglove_hardware/catkin_generated/generate_cached_setup.py", line 20, in <module>
    from catkin.environment_cache import generate_environment_script
ImportError: No module named catkin.environment_cache
CMake Error at /opt/ros/melodic/share/catkin/cmake/safe_execute_process.cmake:11 (message):
  execute_process(/usr/bin/python2
  "/home/rogier/SenseGlove_ROS/ros_workspace/build/senseglove_hardware/catkin_generated/generate_cached_setup.py")
  returned error code 1
Call Stack (most recent call first):
  /opt/ros/melodic/share/catkin/cmake/all.cmake:208 (safe_execute_process)
  /opt/ros/melodic/share/catkin/cmake/catkinConfig.cmake:20 (include)
  CMakeLists.txt:6 (find_package)


make: *** [cmake_check_build_system] Error 1
