[0.022s] Invoking command in '/home/rogier/SenseGlove_ROS/ros_workspace/build/senseglove_hardware': /usr/bin/cmake --build /home/rogier/SenseGlove_ROS/ros_workspace/build/senseglove_hardware -- -j8 -l8
[0.048s] -- Using CATKIN_DEVEL_PREFIX: /home/rogier/SenseGlove_ROS/ros_workspace/build/senseglove_hardware/devel
[0.049s] -- Using CMAKE_PREFIX_PATH: 
[0.064s] -- Found PythonInterp: /usr/bin/python2 (found suitable version "2.7.17", minimum required is "2") 
[0.064s] -- Using PYTHON_EXECUTABLE: /usr/bin/python2
[0.064s] -- Using Debian Python package layout
[0.064s] -- Using empy: /usr/bin/empy
[0.263s] -- Using CATKIN_ENABLE_TESTING: ON
[0.263s] -- Call enable_testing()
[0.264s] -- Using CATKIN_TEST_RESULTS_DIR: /home/rogier/SenseGlove_ROS/ros_workspace/build/senseglove_hardware/test_results
[0.283s] -- Found gtest sources under '/usr/src/googletest': gtests will be built
[0.283s] -- Found gmock sources under '/usr/src/googletest': gmock will be built
[0.295s] -- Found PythonInterp: /usr/bin/python2 (found version "2.7.17") 
[0.301s] -- Using Python nosetests: /usr/bin/nosetests-2.7
[0.337s] -- catkin 0.7.28
[0.337s] -- BUILD_SHARED_LIBS is on
[0.351s] Traceback (most recent call last):
[0.351s]   File "/home/rogier/SenseGlove_ROS/ros_workspace/build/senseglove_hardware/catkin_generated/generate_cached_setup.py", line 20, in <module>
[0.351s]     from catkin.environment_cache import generate_environment_script
[0.351s] ImportError: No module named catkin.environment_cache
[0.352s] CMake Error at /opt/ros/melodic/share/catkin/cmake/safe_execute_process.cmake:11 (message):
[0.352s]   execute_process(/usr/bin/python2
[0.353s]   "/home/rogier/SenseGlove_ROS/ros_workspace/build/senseglove_hardware/catkin_generated/generate_cached_setup.py")
[0.353s]   returned error code 1
[0.353s] Call Stack (most recent call first):
[0.353s]   /opt/ros/melodic/share/catkin/cmake/all.cmake:208 (safe_execute_process)
[0.353s]   /opt/ros/melodic/share/catkin/cmake/catkinConfig.cmake:20 (include)
[0.353s]   CMakeLists.txt:6 (find_package)
[0.353s] 
[0.353s] 
[0.353s] -- Configuring incomplete, errors occurred!
[0.353s] See also "/home/rogier/SenseGlove_ROS/ros_workspace/build/senseglove_hardware/CMakeFiles/CMakeOutput.log".
[0.354s] See also "/home/rogier/SenseGlove_ROS/ros_workspace/build/senseglove_hardware/CMakeFiles/CMakeError.log".
[0.356s] Makefile:604: recipe for target 'cmake_check_build_system' failed
[0.356s] make: *** [cmake_check_build_system] Error 1
